<?xml version="1.0" encoding="UTF-8"?>
<testsuite name="DrivableMapTest" tests="3" skipped="0" failures="0" errors="0" timestamp="2022-10-09T19:52:59" hostname="Anushkas-MacBook-Air-3.local" time="0.017">
  <properties/>
  <testcase name="testGetTradable" classname="DrivableMapTest" time="0.011"/>
  <testcase name="testHasFasterThan" classname="DrivableMapTest" time="0.003"/>
  <testcase name="testAddDrivable" classname="DrivableMapTest" time="0.001"/>
  <system-out><![CDATA[]]></system-out>
  <system-err><![CDATA[]]></system-err>
</testsuite>
